ANALISIS DE EVENTOS:
La informacion registrada a continuacion, muestra la cantidad de eventos por estado para cada dispositivo y mision
                    Cantidad_Eventos                                   
Estado                      Excelent Faulty Good Unknown Warning killed
Mision  Dispositivo                                                    
VacMars VM-ASC-CD                  0      1    2       0       3      0
        VM-ASC-PQM                 3      1    5       1       2      3
        VM-AT-CD                   0      0    1       1       1      2
        VM-AT-OC                   2      0    3       1       2      3
        VM-AT-SL                   3      1    1       2       5      0
        VM-AT-SPS                  1      2    2       2       0      3
        VM-AT-ST                   2      2    3       2       2      3
        VM-AT-VS                   1      5    4       2       1      1
        VM-AT-VaT                  1      2    2       6       2      0
        VM-CMS-CD                  1      3    1       0       0      1
        VM-CMS-OC                  1      4    1       2       0      2
        VM-CMS-PQM                 5      0    1       2       2      0
        VM-CMS-PS                  2      1    0       2       4      2
        VM-CMS-RPS                 1      2    5       3       1      1
        VM-CMS-SPS                 1      4    0       1       2      2
        VM-CMS-TS                  1      1    2       3       1      1
        VM-CMS-WTP                 1      0    0       3       3      1

GESTION DE DESCONEXIONES:
Representa los dispositivos con un mayor numero de desconexiones
                    Cantidad_Eventos
Mision  Dispositivo                 
VacMars VM-AT-SL                   2
        VM-AT-SPS                  2
        VM-AT-ST                   2
        VM-AT-VaT                  6
        VM-CMS-OC                  2
        VM-CMS-PQM                 2
        VM-CMS-PS                  2
        VM-CMS-RPS                 3
        VM-CMS-TS                  3
        VM-CMS-WTP                 3

Una vez analizadas todas las misiones de Apollo-11 se determina que hay 13 dispositivos inoperables,
lo que corresponde al 15.48% de todos los dispositivos existentes

DISPOSITIVOS INOPERABLES:
                    Cantidad_Eventos
Mision  Dispositivo                 
VacMars VM-ASC-PQM                 3
        VM-AT-CD                   2
        VM-AT-OC                   3
        VM-AT-SPS                  3
        VM-AT-ST                   3
        VM-AT-VS                   1
        VM-CMS-CD                  1
        VM-CMS-OC                  2
        VM-CMS-PS                  2
        VM-CMS-RPS                 1
        VM-CMS-SPS                 2
        VM-CMS-TS                  1
        VM-CMS-WTP                 1

TABLA DE PORCENTAJES:
La informacion resgitrada a continuacion contiene el registro de datos generados para cada dispositivo y misión con respecto a la cantidad total de datos.
(Empty DataFrame
Columns: [Porcentaje de datos Generados(%)]
Index: [], Empty DataFrame
Columns: [Porcentaje de datos Generados(%)]
Index: [], Empty DataFrame
Columns: [Porcentaje de datos Generados(%)]
Index: [],                 Porcentaje de datos Generados(%)
Dispositivo                                     
VM-AT-VaT                   3.39                
VM-CMS-TS                   1.69                
VM-CMS-RPS                  1.69                
VM-AT-SPS                   1.13                
VM-CMS-SPS                  0.56                
...                                          ...
VM-AT-VS                    0.56                
VM-CMS-RPS                  0.56                
VM-AT-SPS                   1.13                
VM-CMS-RPS                  0.56                
VM-AT-ST                    1.13                

[84 rows x 1 columns], Empty DataFrame
Columns: [Porcentaje de datos Generados(%)]
Index: [])