ANALISIS DE EVENTOS:
La informacion registrada a continuacion, muestra la cantidad de eventos por estado para cada dispositivo y mision
                    Cantidad_Eventos                                   
Estado                      Excelent Faulty Good Unknown Warning killed
Mision  Dispositivo                                                    
VacMars VM-ASC-CD                  4      1    0       1       5      0
        VM-ASC-PQM                 2      3    1       7       5      1
        VM-AT-CD                   2      3    1       0       1      3
        VM-AT-OC                   3      0    3       2       4      1
        VM-AT-SL                   2      3    1       3       4      5
        VM-AT-SPS                  3      5    7       3       3      6
        VM-AT-ST                   1      1    2       3       1      3
        VM-AT-VS                   0      2    7       3       3      1
        VM-AT-VaT                  4      0    1       3       0      1
        VM-CMS-CD                  1      1    3       5       2      5
        VM-CMS-OC                  4      3    1       2       2      2
        VM-CMS-PQM                 3      3    4       0       4      3
        VM-CMS-PS                  1      3    3       5       1      4
        VM-CMS-RPS                 4      4    1       3       1      0
        VM-CMS-SPS                 2      2    0       3       1      1
        VM-CMS-TS                  0      3    1       1       4      2
        VM-CMS-WTP                 1      3    3       3       1      2

GESTION DE DESCONEXIONES:
Representa los dispositivos con un mayor numero de desconexiones
                    Cantidad_Eventos
Mision  Dispositivo                 
VacMars VM-ASC-PQM                 7
        VM-AT-SL                   3
        VM-AT-ST                   3
        VM-AT-VS                   3
        VM-AT-VaT                  3
        VM-CMS-CD                  5
        VM-CMS-PS                  5
        VM-CMS-RPS                 3
        VM-CMS-SPS                 3
        VM-CMS-WTP                 3

Una vez analizadas todas las misiones de Apollo-11 se determina que hay 15 dispositivos inoperables,
lo que corresponde al 16.48% de todos los dispositivos existentes

DISPOSITIVOS INOPERABLES:
                    Cantidad_Eventos
Mision  Dispositivo                 
VacMars VM-ASC-PQM                 1
        VM-AT-CD                   3
        VM-AT-OC                   1
        VM-AT-SL                   5
        VM-AT-SPS                  6
        VM-AT-ST                   3
        VM-AT-VS                   1
        VM-AT-VaT                  1
        VM-CMS-CD                  5
        VM-CMS-OC                  2
        VM-CMS-PQM                 3
        VM-CMS-PS                  4
        VM-CMS-SPS                 1
        VM-CMS-TS                  2
        VM-CMS-WTP                 2

TABLA DE PORCENTAJES:
La informacion resgitrada a continuacion contiene el registro de datos generados para cada dispositivo y misión con respecto a la cantidad total de datos.
(Empty DataFrame
Columns: [Porcentaje de datos Generados(%)]
Index: [], Empty DataFrame
Columns: [Porcentaje de datos Generados(%)]
Index: [], Empty DataFrame
Columns: [Porcentaje de datos Generados(%)]
Index: [],                 Porcentaje de datos Generados(%)
Dispositivo                                     
VM-CMS-RPS                  1.22                
VM-AT-VaT                   0.41                
VM-AT-VaT                   0.41                
VM-CMS-RPS                  0.41                
VM-AT-SPS                   2.04                
...                                          ...
VM-CMS-OC                   0.41                
VM-AT-CD                    0.41                
VM-CMS-OC                   0.82                
VM-CMS-WTP                  0.41                
VM-ASC-PQM                  0.41                

[91 rows x 1 columns], Empty DataFrame
Columns: [Porcentaje de datos Generados(%)]
Index: [])