ANALISIS DE EVENTOS:
La informacion registrada a continuacion, muestra la cantidad de eventos por estado para cada dispositivo y mision
                       Cantidad_Eventos                                           
Estado                         Excelent Faulty Good Unknown Warning killed unknown
Mision     Dispositivo                                                            
ColonyMoon CM-ASC-CD                  1      0    0       0       0      0       0
           CM-ASC-PQM                 0      0    0       0       0      1       0
           CM-PRR-CD                  1      0    1       0       0      0       0
           CM-PRR-PSW                 0      0    0       1       0      0       0
           CM-S-CD                    0      1    0       0       0      0       0
           CM-S-EFAC                  0      0    0       0       1      0       0
           CM-S-EFAM                  0      1    0       0       1      0       0
           CM-S-PQM                   1      0    0       0       0      0       0
GalaxyTwo  GT-ASC-PQM                 0      2    0       0       0      1       0
           GT-PRR-CD                  2      1    0       1       0      0       0
           GT-PRR-PQM                 0      1    0       0       0      0       0
           GT-PRR-TS                  0      0    0       0       0      1       0
           GT-S-CD                    1      0    0       1       0      0       0
           GT-S-EFAC                  0      0    1       0       2      0       0
           GT-S-EFAM                  1      0    0       0       0      1       0
           GT-S-PQM                   0      0    1       1       0      1       0
NUEVO      Solo                       1      2    3       1       3      2       0
OrbitOne   OO-ASC-CD                  1      0    0       0       0      0       0
           OO-ASC-PQM                 1      0    0       0       0      0       0
           OO-ASC-SPS                 0      0    0       0       0      1       0
           OO-PRR-CD                  0      0    0       0       1      0       0
           OO-PRR-OC                  0      0    0       0       0      1       0
           OO-PRR-PQM                 0      0    1       0       0      0       0
           OO-PRR-SPS                 1      0    0       0       0      1       0
           OO-S-CD                    0      1    0       0       0      0       0
           OO-S-EFAC                  0      1    0       0       0      0       0
           OO-S-EFAM                  1      0    0       0       0      1       0
UNKW       unknown                    0      0    0       0       0      0       9
VacMars    VM-ASC-CD                  0      1    0       0       0      0       0
           VM-AT-CD                   0      0    0       1       0      0       0
           VM-AT-OC                   0      2    1       0       0      0       0
           VM-AT-SL                   1      0    0       0       1      0       0
           VM-AT-SPS                  1      0    1       0       0      0       0
           VM-AT-ST                   1      0    0       0       0      0       0
           VM-AT-VaT                  0      0    0       0       1      0       0
           VM-CMS-CD                  0      0    0       0       2      0       0
           VM-CMS-PQM                 0      0    0       0       0      1       0
           VM-CMS-PS                  0      0    0       1       0      0       0
           VM-CMS-SPS                 0      1    0       0       0      0       0
           VM-CMS-TS                  0      1    0       0       0      0       0

GESTION DE DESCONEXIONES:
Representa los dispositivos con un mayor numero de desconexiones
                       Cantidad_Eventos
Mision     Dispositivo                 
ColonyMoon CM-PRR-PSW                 1
GalaxyTwo  GT-PRR-CD                  1
           GT-S-CD                    1
           GT-S-PQM                   1
NUEVO      Solo                       1
VacMars    VM-AT-CD                   1
           VM-CMS-PS                  1

Una vez analizadas todas las misiones de Apollo-11 se determina que hay 11 dispositivos inoperables,
lo que corresponde al 18.33% de todos los dispositivos existentes

DISPOSITIVOS INOPERABLES:
                       Cantidad_Eventos
Mision     Dispositivo                 
ColonyMoon CM-ASC-PQM                 1
GalaxyTwo  GT-ASC-PQM                 1
           GT-PRR-TS                  1
           GT-S-EFAM                  1
           GT-S-PQM                   1
NUEVO      Solo                       2
OrbitOne   OO-ASC-SPS                 1
           OO-PRR-OC                  1
           OO-PRR-SPS                 1
           OO-S-EFAM                  1
VacMars    VM-CMS-PQM                 1

La informacion resgitrada a continuacion contiene el porcentaje datos generados para cada dispositivo y misión con respecto a la cantidad total de datos.

COLONYMOON:

                Porcentaje de datos Generados(%)
Dispositivo                                     
CM-PRR-CD                   1.27                
CM-PRR-CD                   1.27                
CM-S-EFAM                   1.27                
CM-S-EFAM                   1.27                
CM-S-PQM                    1.27                
CM-S-CD                     1.27                
CM-PRR-PSW                  1.27                
CM-S-EFAC                   1.27                
CM-ASC-PQM                  1.27                
CM-ASC-CD                   1.27                

GALAXYTWO:

                Porcentaje de datos Generados(%)
Dispositivo                                     
GT-S-EFAM                   1.27                
GT-S-EFAC                   1.27                
GT-PRR-CD                   1.27                
GT-ASC-PQM                  2.53                
GT-S-EFAM                   1.27                
GT-S-PQM                    1.27                
GT-S-EFAC                   2.53                
GT-PRR-TS                   1.27                
GT-PRR-CD                   2.53                
GT-ASC-PQM                  1.27                
GT-S-PQM                    1.27                
GT-PRR-PQM                  1.27                
GT-S-CD                     1.27                
GT-PRR-CD                   1.27                
GT-S-PQM                    1.27                
GT-S-CD                     1.27                

ORBITONE:

                Porcentaje de datos Generados(%)
Dispositivo                                     
OO-PRR-SPS                  1.27                
OO-PRR-SPS                  1.27                
OO-ASC-SPS                  1.27                
OO-ASC-CD                   1.27                
OO-PRR-OC                   1.27                
OO-S-EFAM                   1.27                
OO-S-EFAC                   1.27                
OO-PRR-PQM                  1.27                
OO-S-CD                     1.27                
OO-S-EFAM                   1.27                
OO-PRR-CD                   1.27                
OO-ASC-PQM                  1.27                

UNKNOW:

                Porcentaje de datos Generados(%)
Dispositivo                                     
unknown                     11.39               

