ANALISIS DE EVENTOS:
La informacion registrada a continuacion, muestra la cantidad de eventos por estado para cada dispositivo y mision
                       Cantidad_Eventos                                           
Estado                         Excelent Faulty Good Unknown Warning killed unknown
Mision     Dispositivo                                                            
ColonyMoon CM-PRR-CD                  0      0    0       0       1      1       0
           CM-PRR-PQM                 0      0    1       0       0      0       0
           CM-PRR-PS                  0      0    0       1       0      0       0
GalaxyTwo  GT-ASC-CD                  0      0    0       0       0      1       0
           GT-PRR-SPS                 1      0    0       0       0      0       0
           GT-S-PQM                   0      1    0       0       0      0       0
OrbitOne   OO-S-CD                    0      0    0       1       0      0       0
UNKW       unknown                    0      0    0       0       0      0       1
VacMars    VM-CMS-PS                  1      0    0       1       0      0       0
           VM-CMS-RPS                 0      0    0       0       0      1       0

GESTION DE DESCONEXIONES:
Representa los dispositivos con un mayor numero de desconexiones
                       Cantidad_Eventos
Mision     Dispositivo                 
ColonyMoon CM-PRR-PS                  1
OrbitOne   OO-S-CD                    1
VacMars    VM-CMS-PS                  1

Una vez analizadas todas las misiones de Apollo-11 se determina que hay 3 dispositivos inoperables,
lo que corresponde al 25.0% de todos los dispositivos existentes

DISPOSITIVOS INOPERABLES:
                       Cantidad_Eventos
Mision     Dispositivo                 
ColonyMoon CM-PRR-CD                  1
GalaxyTwo  GT-ASC-CD                  1
VacMars    VM-CMS-RPS                 1

TABLA DE PORCENTAJES:
La informacion resgitrada a continuacion contiene el registro de datos generados para cada dispositivo y misión con respecto a la cantidad total de datos.
(                Porcentaje de datos Generados(%)
Dispositivo                                     
CM-PRR-PS                   8.33                
CM-PRR-CD                   8.33                
CM-PRR-CD                   8.33                
CM-PRR-PQM                  8.33                ,                 Porcentaje de datos Generados(%)
Dispositivo                                     
GT-S-PQM                    8.33                
GT-ASC-CD                   8.33                
GT-PRR-SPS                  8.33                ,                 Porcentaje de datos Generados(%)
Dispositivo                                     
OO-S-CD                     8.33                ,                 Porcentaje de datos Generados(%)
Dispositivo                                     
VM-CMS-RPS                  8.33                
VM-CMS-PS                   8.33                
VM-CMS-PS                   8.33                ,                 Porcentaje de datos Generados(%)
Dispositivo                                     
unknown                     8.33                )