ANALISIS DE EVENTOS:
La informacion registrada a continuacion, muestra la cantidad de eventos por estado para cada dispositivo y mision
                       Cantidad_Eventos                                           
Estado                         Excelent Faulty Good Unknown Warning killed unknown
Mision     Dispositivo                                                            
ColonyMoon CM-ASC-CD                  0      0    0       1       0      0       0
           CM-ASC-PQM                 0      1    0       0       0      0       0
           CM-PRR-PQM                 0      1    0       1       0      0       0
           CM-S-EFAM                  0      0    1       0       0      0       0
GalaxyTwo  GT-ASC-SPS                 0      0    0       0       1      1       0
           GT-PRR-CD                  0      1    0       0       1      0       0
           GT-PRR-OC                  0      2    0       0       1      0       0
           GT-PRR-TS                  0      0    0       0       0      1       0
           GT-S-SPS                   0      0    0       0       1      0       0
OrbitOne   OO-ASC-CD                  0      1    0       0       1      0       0
           OO-ASC-SPS                 0      0    0       0       0      1       0
           OO-PRR-PQM                 1      0    0       0       0      0       0
           OO-PRR-SPS                 0      0    0       0       0      1       0
           OO-S-EFAC                  0      1    0       0       0      0       0
           OO-S-EFAM                  0      1    0       0       0      0       0
           OO-S-SPS                   1      0    0       0       0      1       0
UNKW       unknown                    0      0    0       0       0      0       3
VacMars    VM-AT-OC                   0      0    1       0       1      0       0
           VM-AT-SL                   0      0    1       0       0      0       0
           VM-CMS-PQM                 0      0    1       0       0      0       0
           VM-CMS-RPS                 0      0    0       1       0      0       0

GESTION DE DESCONEXIONES:
Representa los dispositivos con un mayor numero de desconexiones
                       Cantidad_Eventos
Mision     Dispositivo                 
ColonyMoon CM-ASC-CD                  1
           CM-PRR-PQM                 1
VacMars    VM-CMS-RPS                 1

Una vez analizadas todas las misiones de Apollo-11 se determina que hay 5 dispositivos inoperables,
lo que corresponde al 17.86% de todos los dispositivos existentes

DISPOSITIVOS INOPERABLES:
                      Cantidad_Eventos
Mision    Dispositivo                 
GalaxyTwo GT-ASC-SPS                 1
          GT-PRR-TS                  1
OrbitOne  OO-ASC-SPS                 1
          OO-PRR-SPS                 1
          OO-S-SPS                   1

TABLA DE PORCENTAJES:
La informacion resgitrada a continuacion contiene el registro de datos generados para cada dispositivo y misión con respecto a la cantidad total de datos.
(                Porcentaje de datos Generados(%)
Dispositivo                                     
CM-PRR-PQM                  3.23                
CM-ASC-CD                   3.23                
CM-PRR-PQM                  3.23                
CM-ASC-PQM                  3.23                
CM-S-EFAM                   3.23                ,                 Porcentaje de datos Generados(%)
Dispositivo                                     
GT-PRR-TS                   3.23                
GT-PRR-OC                   6.45                
GT-PRR-OC                   3.23                
GT-S-SPS                    3.23                
GT-ASC-SPS                  3.23                
GT-PRR-CD                   3.23                
GT-ASC-SPS                  3.23                
GT-PRR-CD                   3.23                ,                 Porcentaje de datos Generados(%)
Dispositivo                                     
OO-PRR-PQM                  3.23                
OO-S-SPS                    3.23                
OO-ASC-CD                   3.23                
OO-S-EFAC                   3.23                
OO-S-SPS                    3.23                
OO-PRR-SPS                  3.23                
OO-ASC-SPS                  3.23                
OO-ASC-CD                   3.23                
OO-S-EFAM                   3.23                ,                 Porcentaje de datos Generados(%)
Dispositivo                                     
VM-CMS-RPS                  3.23                
VM-AT-OC                    3.23                
VM-AT-OC                    3.23                
VM-AT-SL                    3.23                
VM-CMS-PQM                  3.23                ,                 Porcentaje de datos Generados(%)
Dispositivo                                     
unknown                     9.68                )