ANALISIS DE EVENTOS:
La informacion registrada a continuacion, muestra la cantidad de eventos por estado para cada dispositivo y mision
                       Cantidad_Eventos                                           
Estado                         Excelent Faulty Good Unknown Warning killed unknown
Mision     Dispositivo                                                            
ColonyMoon CM-ASC-PQM                 0      0    0       0       0      1       0
           CM-ASC-SPS                 1      0    0       0       0      0       0
           CM-PRR-PS                  1      0    0       0       0      0       0
           CM-PRR-SPS                 0      0    0       0       1      0       0
           CM-PRR-TS                  1      0    0       0       0      0       0
           CM-S-EFAC                  0      0    0       0       1      0       0
           CM-S-SPS                   0      0    1       0       0      0       0
GalaxyTwo  GT-PRR-CD                  1      1    0       0       0      0       0
           GT-PRR-PQM                 0      0    0       0       0      1       0
           GT-PRR-PS                  0      0    0       1       0      0       0
           GT-PRR-SPS                 1      1    0       0       0      0       0
           GT-S-CD                    1      1    0       1       0      0       0
           GT-S-EFAC                  0      0    0       1       0      0       0
           GT-S-EFAM                  1      1    0       0       0      0       0
           GT-S-PQM                   0      0    0       0       2      0       0
           GT-S-SPS                   0      1    0       0       0      0       0
NUEVO      Solo                       0      1    5       0       2      5       0
OrbitOne   OO-ASC-SPS                 0      0    0       0       0      1       0
           OO-PRR-OC                  2      0    0       0       0      0       0
           OO-PRR-PQM                 0      1    0       0       0      0       0
           OO-S-EFAC                  0      0    1       0       0      0       0
           OO-S-EFAM                  0      0    0       1       0      0       0
           OO-S-SPS                   0      0    1       0       0      0       0
UNKW       unknown                    0      0    0       0       0      0       3
VacMars    VM-ASC-CD                  0      0    0       0       0      1       0
           VM-AT-CD                   1      0    0       1       0      0       0
           VM-AT-OC                   1      0    0       0       0      0       0
           VM-AT-ST                   0      1    0       0       0      1       0
           VM-AT-VS                   0      1    0       0       0      0       0
           VM-CMS-PS                  0      0    1       0       0      0       0
           VM-CMS-WTP                 0      0    0       0       1      0       0

GESTION DE DESCONEXIONES:
Representa los dispositivos con un mayor numero de desconexiones
                      Cantidad_Eventos
Mision    Dispositivo                 
GalaxyTwo GT-PRR-PS                  1
          GT-S-CD                    1
          GT-S-EFAC                  1
OrbitOne  OO-S-EFAM                  1
VacMars   VM-AT-CD                   1

Una vez analizadas todas las misiones de Apollo-11 se determina que hay 6 dispositivos inoperables,
lo que corresponde al 14.63% de todos los dispositivos existentes

DISPOSITIVOS INOPERABLES:
                       Cantidad_Eventos
Mision     Dispositivo                 
ColonyMoon CM-ASC-PQM                 1
GalaxyTwo  GT-PRR-PQM                 1
NUEVO      Solo                       5
OrbitOne   OO-ASC-SPS                 1
VacMars    VM-ASC-CD                  1
           VM-AT-ST                   1

La informacion resgitrada a continuacion contiene el porcentaje datos generados para cada dispositivo y misión con respecto a la cantidad total de datos.

COLONYMOON:

                Porcentaje de datos Generados(%)
Dispositivo                                     
CM-PRR-TS                   1.85                
CM-S-SPS                    1.85                
CM-ASC-PQM                  1.85                
CM-PRR-PS                   1.85                
CM-ASC-SPS                  1.85                
CM-S-EFAC                   1.85                
CM-PRR-SPS                  1.85                

GALAXYTWO:

                Porcentaje de datos Generados(%)
Dispositivo                                     
GT-PRR-CD                   1.85                
GT-PRR-SPS                  1.85                
GT-PRR-PQM                  1.85                
GT-S-CD                     1.85                
GT-S-EFAM                   1.85                
GT-S-SPS                    1.85                
GT-S-PQM                     3.7                
GT-S-CD                     1.85                
GT-S-CD                     1.85                
GT-S-EFAC                   1.85                
GT-PRR-PS                   1.85                
GT-PRR-CD                   1.85                
GT-S-EFAM                   1.85                
GT-PRR-SPS                  1.85                

ORBITONE:

                Porcentaje de datos Generados(%)
Dispositivo                                     
OO-S-EFAM                   1.85                
OO-ASC-SPS                  1.85                
OO-PRR-OC                    3.7                
OO-S-EFAC                   1.85                
OO-S-SPS                    1.85                
OO-PRR-PQM                  1.85                

UNKNOW:

                Porcentaje de datos Generados(%)
Dispositivo                                     
unknown                     5.56                

