ANALISIS DE EVENTOS:
La informacion registrada a continuacion, muestra la cantidad de eventos por estado para cada dispositivo y mision
                    Cantidad_Eventos                                   
Estado                      Excelent Faulty Good Unknown Warning killed
Mision  Dispositivo                                                    
VacMars VM-ASC-CD                  0      0    0       0       1      0
        VM-ASC-PQM                 0      0    0       1       0      0
        VM-AT-CD                   0      0    0       0       1      0
        VM-AT-OC                   1      0    1       0       0      0
        VM-AT-SL                   0      0    0       1       0      0
        VM-AT-ST                   1      0    0       0       0      2
        VM-AT-VS                   1      0    0       0       0      0
        VM-AT-VaT                  0      0    2       0       0      1
        VM-CMS-CD                  0      0    0       0       1      1
        VM-CMS-OC                  0      0    1       0       0      0
        VM-CMS-PQM                 1      1    0       0       0      0
        VM-CMS-RPS                 1      0    0       0       1      0
        VM-CMS-SPS                 0      0    0       0       1      0
        VM-CMS-TS                  0      1    0       0       0      0
        VM-CMS-WTP                 0      0    0       1       0      0

GESTION DE DESCONEXIONES:
Representa los dispositivos con un mayor numero de desconexiones
                    Cantidad_Eventos
Mision  Dispositivo                 
VacMars VM-ASC-PQM                 1
        VM-AT-SL                   1
        VM-CMS-WTP                 1

Una vez analizadas todas las misiones de Apollo-11 se determina que hay 3 dispositivos inoperables,
lo que corresponde al 14.29% de todos los dispositivos existentes

DISPOSITIVOS INOPERABLES:
                    Cantidad_Eventos
Mision  Dispositivo                 
VacMars VM-AT-ST                   2
        VM-AT-VaT                  1
        VM-CMS-CD                  1

TABLA DE PORCENTAJES:
La informacion resgitrada a continuacion contiene el registro de datos generados para cada dispositivo y misión con respecto a la cantidad total de datos.
(Empty DataFrame
Columns: [Porcentaje de datos Generados(%)]
Index: [], Empty DataFrame
Columns: [Porcentaje de datos Generados(%)]
Index: [], Empty DataFrame
Columns: [Porcentaje de datos Generados(%)]
Index: [],                 Porcentaje de datos Generados(%)
Dispositivo                                     
VM-AT-OC                    4.35                
VM-CMS-OC                   4.35                
VM-CMS-RPS                  4.35                
VM-AT-CD                    4.35                
VM-AT-VaT                    8.7                
VM-ASC-CD                   4.35                
VM-AT-VS                    4.35                
VM-AT-VaT                   4.35                
VM-CMS-SPS                  4.35                
VM-AT-ST                     8.7                
VM-AT-ST                    4.35                
VM-CMS-PQM                  4.35                
VM-AT-SL                    4.35                
VM-CMS-CD                   4.35                
VM-CMS-CD                   4.35                
VM-AT-OC                    4.35                
VM-CMS-WTP                  4.35                
VM-CMS-RPS                  4.35                
VM-ASC-PQM                  4.35                
VM-CMS-TS                   4.35                
VM-CMS-PQM                  4.35                , Empty DataFrame
Columns: [Porcentaje de datos Generados(%)]
Index: [])