ANALISIS DE EVENTOS:
La informacion registrada a continuacion, muestra la cantidad de eventos por estado para cada dispositivo y mision
                       Cantidad_Eventos                    
Estado                           Faulty Good killed unknown
Mision     Dispositivo                                     
ColonyMoon CM-S-EFAM                  0    0      1       0
GalaxyTwo  GT-PRR-OC                  1    0      0       0
NUEVO      Solo                       0    0      2       0
UNKW       unknown                    0    0      0       1
VacMars    VM-AT-OC                   1    0      0       0
           VM-CMS-PQM                 0    1      0       0

GESTION DE DESCONEXIONES:
Representa los dispositivos con un mayor numero de desconexiones
Empty DataFrame
Columns: [Cantidad_Eventos]
Index: []

Una vez analizadas todas las misiones de Apollo-11 se determina que hay 2 dispositivos inoperables,
lo que corresponde al 33.33% de todos los dispositivos existentes

DISPOSITIVOS INOPERABLES:
                       Cantidad_Eventos
Mision     Dispositivo                 
ColonyMoon CM-S-EFAM                  1
NUEVO      Solo                       2

La informacion resgitrada a continuacion contiene el porcentaje datos generados para cada dispositivo y misión con respecto a la cantidad total de datos.

COLONYMOON:

                Porcentaje de datos Generados(%)
Dispositivo                                     
CM-S-EFAM                   14.29               

GALAXYTWO:

                Porcentaje de datos Generados(%)
Dispositivo                                     
GT-PRR-OC                   14.29               

ORBITONE:

Empty DataFrame
Columns: [Porcentaje de datos Generados(%)]
Index: []

UNKNOW:

                Porcentaje de datos Generados(%)
Dispositivo                                     
unknown                     14.29               

