ANALISIS DE EVENTOS:
La informacion registrada a continuacion, muestra la cantidad de eventos por estado para cada dispositivo y mision
                       Cantidad_Eventos                                           
Estado                         Excelent Faulty Good Unknown Warning killed unknown
Mision     Dispositivo                                                            
ColonyMoon CM-ASC-CD                  0      0    0       0       1      0       0
           CM-ASC-PQM                 1      0    0       1       0      1       0
           CM-PRR-PQM                 0      0    1       0       0      0       0
           CM-PRR-TS                  2      1    0       0       0      0       0
           CM-S-EFAM                  0      0    1       0       0      0       0
           CM-S-PQM                   2      0    1       0       0      0       0
GalaxyTwo  GT-ASC-CD                  0      0    0       0       1      0       0
           GT-ASC-PQM                 2      0    0       0       0      0       0
           GT-PRR-CD                  0      0    0       1       0      0       0
           GT-PRR-SPS                 0      0    0       0       0      1       0
           GT-S-CD                    0      1    0       0       1      0       0
           GT-S-EFAM                  1      0    0       0       0      0       0
           GT-S-PQM                   1      0    0       0       0      1       0
OrbitOne   OO-ASC-SPS                 0      0    1       0       0      1       0
           OO-PRR-CD                  0      0    0       1       0      0       0
           OO-PRR-TS                  0      0    1       1       0      0       0
           OO-S-CD                    0      1    1       0       0      1       0
           OO-S-EFAM                  0      1    0       0       1      0       0
           OO-S-SPS                   0      0    0       1       0      0       0
UNKW       unknown                    0      0    0       0       0      0      10
VacMars    VM-ASC-PQM                 1      0    0       0       0      0       0
           VM-AT-CD                   1      0    0       0       0      0       0
           VM-AT-SL                   0      1    0       0       0      0       0
           VM-AT-VaT                  0      0    0       0       1      0       0
           VM-CMS-PS                  0      2    0       0       0      0       0
           VM-CMS-RPS                 0      0    0       0       0      1       0
           VM-CMS-SPS                 1      0    1       0       0      1       0

GESTION DE DESCONEXIONES:
Representa los dispositivos con un mayor numero de desconexiones
                       Cantidad_Eventos
Mision     Dispositivo                 
ColonyMoon CM-ASC-PQM                 1
GalaxyTwo  GT-PRR-CD                  1
OrbitOne   OO-PRR-CD                  1
           OO-PRR-TS                  1
           OO-S-SPS                   1

Una vez analizadas todas las misiones de Apollo-11 se determina que hay 7 dispositivos inoperables,
lo que corresponde al 17.5% de todos los dispositivos existentes

DISPOSITIVOS INOPERABLES:
                       Cantidad_Eventos
Mision     Dispositivo                 
ColonyMoon CM-ASC-PQM                 1
GalaxyTwo  GT-PRR-SPS                 1
           GT-S-PQM                   1
OrbitOne   OO-ASC-SPS                 1
           OO-S-CD                    1
VacMars    VM-CMS-RPS                 1
           VM-CMS-SPS                 1

TABLA DE PORCENTAJES:
La informacion resgitrada a continuacion contiene el registro de datos generados para cada dispositivo y misión con respecto a la cantidad total de datos.
(                Porcentaje de datos Generados(%)
Dispositivo                                     
CM-PRR-TS                   1.89                
CM-ASC-CD                   1.89                
CM-S-PQM                    3.77                
CM-S-EFAM                   1.89                
CM-PRR-PQM                  1.89                
CM-PRR-TS                   3.77                
CM-ASC-PQM                  1.89                
CM-ASC-PQM                  1.89                
CM-S-PQM                    1.89                
CM-ASC-PQM                  1.89                ,                 Porcentaje de datos Generados(%)
Dispositivo                                     
GT-S-CD                     1.89                
GT-S-PQM                    1.89                
GT-PRR-CD                   1.89                
GT-ASC-PQM                  3.77                
GT-S-EFAM                   1.89                
GT-ASC-CD                   1.89                
GT-S-CD                     1.89                
GT-PRR-SPS                  1.89                
GT-S-PQM                    1.89                ,                 Porcentaje de datos Generados(%)
Dispositivo                                     
OO-S-SPS                    1.89                
OO-ASC-SPS                  1.89                
OO-S-EFAM                   1.89                
OO-S-CD                     1.89                
OO-S-EFAM                   1.89                
OO-PRR-TS                   1.89                
OO-PRR-TS                   1.89                
OO-S-CD                     1.89                
OO-S-CD                     1.89                
OO-ASC-SPS                  1.89                
OO-PRR-CD                   1.89                ,                 Porcentaje de datos Generados(%)
Dispositivo                                     
VM-AT-VaT                   1.89                
VM-AT-SL                    1.89                
VM-CMS-PS                   3.77                
VM-ASC-PQM                  1.89                
VM-CMS-SPS                  1.89                
VM-CMS-SPS                  1.89                
VM-AT-CD                    1.89                
VM-CMS-SPS                  1.89                
VM-CMS-RPS                  1.89                ,                 Porcentaje de datos Generados(%)
Dispositivo                                     
unknown                     18.87               )