ANALISIS DE EVENTOS:
La informacion registrada a continuacion, muestra la cantidad de eventos por estado para cada dispositivo y mision
                    Cantidad_Eventos                              
Estado                      Excelent Faulty Unknown Warning killed
Mision  Dispositivo                                               
VacMars VM-ASC-CD                  1      1       0       2      0
        VM-ASC-PQM                 1      1       1       1      0
        VM-AT-CD                   0      0       2       2      1
        VM-AT-OC                   1      2       1       0      0
        VM-AT-SL                   0      4       0       0      0
        VM-AT-ST                   0      0       3       0      3
        VM-AT-VS                   0      0       1       0      0
        VM-AT-VaT                  0      0       2       0      0
        VM-CMS-CD                  0      1       1       1      0
        VM-CMS-OC                  0      0       1       0      1
        VM-CMS-PQM                 1      1       2       0      2
        VM-CMS-PS                  1      0       0       0      0
        VM-CMS-RPS                 0      0       2       0      0
        VM-CMS-SPS                 0      1       1       1      0
        VM-CMS-TS                  1      3       0       1      1
        VM-CMS-WTP                 0      1       0       0      0

GESTION DE DESCONEXIONES:
Representa los dispositivos con un mayor numero de desconexiones
                    Cantidad_Eventos
Mision  Dispositivo                 
VacMars VM-AT-CD                   2
        VM-AT-OC                   1
        VM-AT-ST                   3
        VM-AT-VS                   1
        VM-AT-VaT                  2
        VM-CMS-CD                  1
        VM-CMS-OC                  1
        VM-CMS-PQM                 2
        VM-CMS-RPS                 2
        VM-CMS-SPS                 1

Una vez analizadas todas las misiones de Apollo-11 se determina que hay 5 dispositivos inoperables,
lo que corresponde al 13.51% de todos los dispositivos existentes

DISPOSITIVOS INOPERABLES:
                    Cantidad_Eventos
Mision  Dispositivo                 
VacMars VM-AT-CD                   1
        VM-AT-ST                   3
        VM-CMS-OC                  1
        VM-CMS-PQM                 2
        VM-CMS-TS                  1

TABLA DE PORCENTAJES:
La informacion resgitrada a continuacion contiene el registro de datos generados para cada dispositivo y misión con respecto a la cantidad total de datos.
(Empty DataFrame
Columns: [Porcentaje de datos Generados(%)]
Index: [], Empty DataFrame
Columns: [Porcentaje de datos Generados(%)]
Index: [], Empty DataFrame
Columns: [Porcentaje de datos Generados(%)]
Index: [],                 Porcentaje de datos Generados(%)
Dispositivo                                     
VM-AT-VaT                    3.7                
VM-CMS-CD                   1.85                
VM-CMS-PQM                   3.7                
VM-CMS-TS                   5.56                
VM-CMS-PQM                   3.7                
VM-AT-VS                    1.85                
VM-ASC-CD                    3.7                
VM-ASC-PQM                  1.85                
VM-CMS-TS                   1.85                
VM-AT-ST                    5.56                
VM-ASC-CD                   1.85                
VM-CMS-PS                   1.85                
VM-CMS-OC                   1.85                
VM-AT-OC                    1.85                
VM-CMS-RPS                   3.7                
VM-CMS-OC                   1.85                
VM-CMS-SPS                  1.85                
VM-AT-ST                    5.56                
VM-CMS-CD                   1.85                
VM-CMS-TS                   1.85                
VM-AT-CD                    1.85                
VM-AT-CD                     3.7                
VM-AT-SL                    7.41                
VM-AT-OC                     3.7                
VM-AT-CD                     3.7                
VM-CMS-SPS                  1.85                
VM-ASC-PQM                  1.85                
VM-CMS-CD                   1.85                
VM-ASC-CD                   1.85                
VM-AT-OC                    1.85                
VM-CMS-PQM                  1.85                
VM-ASC-PQM                  1.85                
VM-ASC-PQM                  1.85                
VM-CMS-TS                   1.85                
VM-CMS-PQM                  1.85                
VM-CMS-SPS                  1.85                
VM-CMS-WTP                  1.85                , Empty DataFrame
Columns: [Porcentaje de datos Generados(%)]
Index: [])