ANALISIS DE EVENTOS:
La informacion registrada a continuacion, muestra la cantidad de eventos por estado para cada dispositivo y mision
                       Cantidad_Eventos                                           
Estado                         Excelent Faulty Good Unknown Warning killed unknown
Mision     Dispositivo                                                            
ColonyMoon CM-ASC-CD                  0      0    0       0       1      1       0
           CM-ASC-PQM                 1      0    0       0       0      1       0
           CM-ASC-SPS                 0      0    0       1       1      0       0
           CM-KSS-ASS                 0      0    1       0       0      0       0
           CM-PRR-CD                  0      0    0       1       0      0       0
           CM-PRR-PQM                 0      0    0       1       1      0       0
           CM-PRR-PS                  0      0    0       1       0      0       0
           CM-PRR-PSW                 1      0    0       0       0      0       0
           CM-PRR-TS                  0      0    1       0       0      0       0
           CM-S-CD                    0      0    0       0       0      1       0
           CM-S-EFAC                  0      0    0       0       0      1       0
           CM-S-EFAM                  0      0    0       0       1      0       0
           CM-S-SPS                   0      1    1       0       0      0       0
GalaxyTwo  GT-ASC-CD                  0      0    1       0       0      0       0
           GT-ASC-PQM                 0      0    0       0       1      0       0
           GT-PRR-PQM                 1      0    0       0       0      0       0
           GT-PRR-PS                  0      0    1       0       0      0       0
           GT-S-CD                    0      0    0       0       0      1       0
           GT-S-EFAC                  0      0    1       0       0      0       0
           GT-S-EFAM                  1      0    0       0       0      0       0
           GT-S-SPS                   1      0    0       0       0      0       0
OrbitOne   OO-ASC-CD                  1      0    0       0       0      0       0
           OO-ASC-PQM                 0      0    1       0       0      1       0
           OO-ASC-SPS                 0      0    0       1       2      0       0
           OO-PRR-OC                  0      0    0       0       1      0       0
           OO-PRR-PQM                 0      1    0       0       1      0       0
           OO-PRR-PS                  0      2    0       2       1      0       0
           OO-PRR-SPS                 1      0    0       0       0      0       0
           OO-PRR-TS                  0      1    0       1       0      1       0
           OO-S-CD                    1      0    0       0       0      0       0
           OO-S-EFAC                  1      0    0       0       0      0       0
           OO-S-PQM                   0      0    0       1       0      0       0
           OO-S-SPS                   0      1    0       0       0      0       0
UNKW       unknown                    0      0    0       0       0      0      18
VacMars    VM-ASC-PQM                 0      1    0       0       1      0       0
           VM-AT-CD                   0      0    1       0       0      0       0
           VM-AT-OC                   0      1    0       1       0      1       0
           VM-AT-SL                   2      0    0       1       0      0       0
           VM-AT-SPS                  1      1    0       0       0      0       0
           VM-AT-ST                   0      0    0       1       0      0       0
           VM-AT-VS                   1      0    0       0       0      0       0
           VM-AT-VaT                  0      1    0       0       0      0       0
           VM-CMS-OC                  1      0    0       1       1      0       0
           VM-CMS-PQM                 0      0    2       0       0      0       0
           VM-CMS-PS                  0      1    0       0       0      0       0
           VM-CMS-RPS                 0      0    0       1       1      0       0
           VM-CMS-WTP                 0      1    0       0       0      0       0

GESTION DE DESCONEXIONES:
Representa los dispositivos con un mayor numero de desconexiones
                       Cantidad_Eventos
Mision     Dispositivo                 
ColonyMoon CM-ASC-SPS                 1
           CM-PRR-CD                  1
           CM-PRR-PQM                 1
           CM-PRR-PS                  1
OrbitOne   OO-ASC-SPS                 1
           OO-PRR-PS                  2
           OO-PRR-TS                  1
           OO-S-PQM                   1
VacMars    VM-AT-ST                   1
           VM-CMS-OC                  1

Una vez analizadas todas las misiones de Apollo-11 se determina que hay 8 dispositivos inoperables,
lo que corresponde al 11.94% de todos los dispositivos existentes

DISPOSITIVOS INOPERABLES:
                       Cantidad_Eventos
Mision     Dispositivo                 
ColonyMoon CM-ASC-CD                  1
           CM-ASC-PQM                 1
           CM-S-CD                    1
           CM-S-EFAC                  1
GalaxyTwo  GT-S-CD                    1
OrbitOne   OO-ASC-PQM                 1
           OO-PRR-TS                  1
VacMars    VM-AT-OC                   1

TABLA DE PORCENTAJES:
La informacion resgitrada a continuacion contiene el registro de datos generados para cada dispositivo y misión con respecto a la cantidad total de datos.
(                Porcentaje de datos Generados(%)
Dispositivo                                     
CM-PRR-PQM                  1.12                
CM-ASC-PQM                  1.12                
CM-ASC-CD                   1.12                
CM-S-SPS                    1.12                
CM-KSS-ASS                  1.12                
CM-PRR-PSW                  1.12                
CM-PRR-TS                   1.12                
CM-S-EFAM                   1.12                
CM-ASC-SPS                  1.12                
CM-S-SPS                    1.12                
CM-ASC-SPS                  1.12                
CM-PRR-PQM                  1.12                
CM-PRR-CD                   1.12                
CM-PRR-PS                   1.12                
CM-S-EFAC                   1.12                
CM-ASC-CD                   1.12                
CM-ASC-PQM                  1.12                
CM-S-CD                     1.12                ,                 Porcentaje de datos Generados(%)
Dispositivo                                     
GT-PRR-PQM                  1.12                
GT-ASC-CD                   1.12                
GT-S-SPS                    1.12                
GT-ASC-PQM                  1.12                
GT-S-CD                     1.12                
GT-S-EFAM                   1.12                
GT-S-EFAC                   1.12                
GT-PRR-PS                   1.12                ,                 Porcentaje de datos Generados(%)
Dispositivo                                     
OO-PRR-PS                   1.12                
OO-PRR-PS                   2.25                
OO-PRR-PS                   2.25                
OO-ASC-SPS                  2.25                
OO-S-SPS                    1.12                
OO-S-CD                     1.12                
OO-PRR-OC                   1.12                
OO-ASC-SPS                  1.12                
OO-S-PQM                    1.12                
OO-S-EFAC                   1.12                
OO-PRR-TS                   1.12                
OO-ASC-CD                   1.12                
OO-ASC-PQM                  1.12                
OO-ASC-PQM                  1.12                
OO-PRR-SPS                  1.12                
OO-PRR-TS                   1.12                
OO-PRR-PQM                  1.12                
OO-PRR-TS                   1.12                
OO-PRR-PQM                  1.12                ,                 Porcentaje de datos Generados(%)
Dispositivo                                     
VM-CMS-PQM                  2.25                
VM-CMS-WTP                  1.12                
VM-AT-VS                    1.12                
VM-ASC-PQM                  1.12                
VM-AT-OC                    1.12                
VM-ASC-PQM                  1.12                
VM-CMS-OC                   1.12                
VM-AT-CD                    1.12                
VM-AT-VaT                   1.12                
VM-AT-ST                    1.12                
VM-CMS-OC                   1.12                
VM-AT-OC                    1.12                
VM-AT-SPS                   1.12                
VM-CMS-PS                   1.12                
VM-AT-OC                    1.12                
VM-CMS-RPS                  1.12                
VM-CMS-OC                   1.12                
VM-AT-SL                    2.25                
VM-AT-SL                    1.12                
VM-AT-SPS                   1.12                
VM-CMS-RPS                  1.12                ,                 Porcentaje de datos Generados(%)
Dispositivo                                     
unknown                     20.22               )