ANALISIS DE EVENTOS:
La informacion registrada a continuacion, muestra la cantidad de eventos por estado para cada dispositivo y mision
                    Cantidad_Eventos                                   
Estado                      Excelent Faulty Good Unknown Warning killed
Mision  Dispositivo                                                    
VacMars VM-ASC-CD                  0      2    0       0       1      0
        VM-ASC-PQM                 1      1    0       0       0      0
        VM-AT-CD                   0      0    0       0       1      0
        VM-AT-OC                   2      0    0       0       0      2
        VM-AT-SL                   4      0    0       0       1      0
        VM-AT-SPS                  1      1    0       0       1      2
        VM-AT-ST                   2      1    0       0       0      0
        VM-AT-VS                   1      0    0       0       0      0
        VM-AT-VaT                  1      1    0       0       0      1
        VM-CMS-CD                  1      0    0       0       0      0
        VM-CMS-PQM                 0      0    0       0       1      2
        VM-CMS-PS                  1      0    1       1       0      1
        VM-CMS-RPS                 2      1    1       0       2      0
        VM-CMS-SPS                 0      0    1       0       0      0
        VM-CMS-WTP                 0      1    0       2       1      2

GESTION DE DESCONEXIONES:
Representa los dispositivos con un mayor numero de desconexiones
                    Cantidad_Eventos
Mision  Dispositivo                 
VacMars VM-CMS-PS                  1
        VM-CMS-WTP                 2

Una vez analizadas todas las misiones de Apollo-11 se determina que hay 6 dispositivos inoperables,
lo que corresponde al 17.14% de todos los dispositivos existentes

DISPOSITIVOS INOPERABLES:
                    Cantidad_Eventos
Mision  Dispositivo                 
VacMars VM-AT-OC                   2
        VM-AT-SPS                  2
        VM-AT-VaT                  1
        VM-CMS-PQM                 2
        VM-CMS-PS                  1
        VM-CMS-WTP                 2

TABLA DE PORCENTAJES:
La informacion resgitrada a continuacion contiene el registro de datos generados para cada dispositivo y misión con respecto a la cantidad total de datos.
(Empty DataFrame
Columns: [Porcentaje de datos Generados(%)]
Index: [], Empty DataFrame
Columns: [Porcentaje de datos Generados(%)]
Index: [], Empty DataFrame
Columns: [Porcentaje de datos Generados(%)]
Index: [],                 Porcentaje de datos Generados(%)
Dispositivo                                     
VM-CMS-RPS                  4.17                
VM-CMS-PS                   2.08                
VM-AT-VaT                   2.08                
VM-CMS-RPS                  4.17                
VM-AT-SPS                   4.17                
VM-CMS-WTP                  4.17                
VM-AT-VaT                   2.08                
VM-AT-SPS                   2.08                
VM-CMS-PQM                  4.17                
VM-CMS-CD                   2.08                
VM-CMS-WTP                  4.17                
VM-ASC-CD                   2.08                
VM-CMS-PQM                  2.08                
VM-CMS-PS                   2.08                
VM-AT-SL                    8.33                
VM-ASC-PQM                  2.08                
VM-CMS-RPS                  2.08                
VM-AT-ST                    4.17                
VM-ASC-CD                   4.17                
VM-AT-CD                    2.08                
VM-CMS-RPS                  2.08                
VM-AT-SL                    2.08                
VM-AT-VaT                   2.08                
VM-AT-OC                    4.17                
VM-AT-VS                    2.08                
VM-AT-SPS                   2.08                
VM-CMS-SPS                  2.08                
VM-AT-OC                    4.17                
VM-CMS-PS                   2.08                
VM-CMS-WTP                  2.08                
VM-AT-ST                    2.08                
VM-ASC-PQM                  2.08                
VM-AT-SPS                   2.08                
VM-CMS-WTP                  2.08                
VM-CMS-PS                   2.08                , Empty DataFrame
Columns: [Porcentaje de datos Generados(%)]
Index: [])