ANALISIS DE EVENTOS:
La informacion registrada a continuacion, muestra la cantidad de eventos por estado para cada dispositivo y mision
                    Cantidad_Eventos                                   
Estado                      Excelent Faulty Good Unknown Warning killed
Mision  Dispositivo                                                    
VacMars VM-ASC-CD                  1      0    0       2       1      0
        VM-ASC-PQM                 1      0    0       1       1      0
        VM-AT-CD                   0      0    0       0       1      0
        VM-AT-OC                   1      0    0       0       2      1
        VM-AT-SL                   0      0    0       1       0      0
        VM-AT-SPS                  1      1    0       0       1      0
        VM-AT-ST                   1      1    0       2       0      1
        VM-AT-VS                   0      0    1       1       0      0
        VM-AT-VaT                  0      0    1       1       0      0
        VM-CMS-CD                  2      0    1       1       1      0
        VM-CMS-OC                  0      0    2       0       0      0
        VM-CMS-PQM                 0      1    2       0       0      0
        VM-CMS-PS                  1      0    0       1       0      0
        VM-CMS-RPS                 0      1    1       1       0      0
        VM-CMS-SPS                 2      2    0       0       0      2
        VM-CMS-TS                  0      0    0       0       1      1
        VM-CMS-WTP                 1      1    1       1       0      0

GESTION DE DESCONEXIONES:
Representa los dispositivos con un mayor numero de desconexiones
                    Cantidad_Eventos
Mision  Dispositivo                 
VacMars VM-ASC-CD                  2
        VM-ASC-PQM                 1
        VM-AT-SL                   1
        VM-AT-ST                   2
        VM-AT-VS                   1
        VM-AT-VaT                  1
        VM-CMS-CD                  1
        VM-CMS-PS                  1
        VM-CMS-RPS                 1
        VM-CMS-WTP                 1

Una vez analizadas todas las misiones de Apollo-11 se determina que hay 4 dispositivos inoperables,
lo que corresponde al 9.3% de todos los dispositivos existentes

DISPOSITIVOS INOPERABLES:
                    Cantidad_Eventos
Mision  Dispositivo                 
VacMars VM-AT-OC                   1
        VM-AT-ST                   1
        VM-CMS-SPS                 2
        VM-CMS-TS                  1

TABLA DE PORCENTAJES:
La informacion resgitrada a continuacion contiene el registro de datos generados para cada dispositivo y misión con respecto a la cantidad total de datos.
(Empty DataFrame
Columns: [Porcentaje de datos Generados(%)]
Index: [], Empty DataFrame
Columns: [Porcentaje de datos Generados(%)]
Index: [], Empty DataFrame
Columns: [Porcentaje de datos Generados(%)]
Index: [],                 Porcentaje de datos Generados(%)
Dispositivo                                     
VM-AT-CD                    1.92                
VM-AT-ST                    1.92                
VM-ASC-PQM                  1.92                
VM-CMS-CD                   1.92                
VM-AT-ST                    3.85                
VM-AT-OC                    3.85                
VM-AT-SPS                   1.92                
VM-CMS-RPS                  1.92                
VM-ASC-CD                   3.85                
VM-CMS-CD                   1.92                
VM-CMS-PQM                  1.92                
VM-CMS-SPS                  3.85                
VM-CMS-PS                   1.92                
VM-AT-OC                    1.92                
VM-CMS-RPS                  1.92                
VM-CMS-WTP                  1.92                
VM-AT-VaT                   1.92                
VM-AT-ST                    1.92                
VM-CMS-PQM                  3.85                
VM-AT-VS                    1.92                
VM-ASC-PQM                  1.92                
VM-ASC-PQM                  1.92                
VM-CMS-TS                   1.92                
VM-CMS-PS                   1.92                
VM-CMS-SPS                  3.85                
VM-AT-VaT                   1.92                
VM-CMS-TS                   1.92                
VM-CMS-WTP                  1.92                
VM-AT-SL                    1.92                
VM-CMS-CD                   1.92                
VM-CMS-WTP                  1.92                
VM-AT-ST                    1.92                
VM-CMS-CD                   3.85                
VM-ASC-CD                   1.92                
VM-AT-SPS                   1.92                
VM-CMS-OC                   3.85                
VM-AT-SPS                   1.92                
VM-AT-OC                    1.92                
VM-CMS-RPS                  1.92                
VM-CMS-WTP                  1.92                
VM-ASC-CD                   1.92                
VM-CMS-SPS                  3.85                
VM-AT-VS                    1.92                , Empty DataFrame
Columns: [Porcentaje de datos Generados(%)]
Index: [])