ANALISIS DE EVENTOS:
La informacion registrada a continuacion, muestra la cantidad de eventos por estado para cada dispositivo y mision
    Mision Dispositivo   Estado Cantidad_Eventos
ColonyMoon  CM-ASC-SPS  Warning                1
ColonyMoon   CM-S-EFAM   killed                1
ColonyMoon     CM-S-CD     Good                1
ColonyMoon   CM-PRR-CD  Unknown                1
ColonyMoon   CM-S-EFAC   Faulty                1
ColonyMoon  CM-ASC-PQM   killed                1
ColonyMoon  CM-PRR-SPS   Faulty                1
ColonyMoon  CM-PRR-PQM  Warning                1
ColonyMoon  CM-PRR-PSW     Good                1
ColonyMoon  CM-ASC-PQM  Unknown                1
ColonyMoon   CM-PRR-CD Excelent                1
ColonyMoon    CM-S-SPS  Warning                1
 GalaxyTwo   GT-PRR-TS Excelent                1
 GalaxyTwo    GT-S-SPS  Unknown                2
 GalaxyTwo     GT-S-CD   Faulty                1
 GalaxyTwo  GT-ASC-PQM  Warning                1
 GalaxyTwo   GT-PRR-OC   Faulty                2
 GalaxyTwo  GT-ASC-PQM  Unknown                1
 GalaxyTwo   GT-ASC-CD   killed                1
  OrbitOne  OO-PRR-SPS   Faulty                1
  OrbitOne    OO-S-SPS Excelent                1
  OrbitOne   OO-ASC-CD Excelent                2
  OrbitOne   OO-ASC-CD  Unknown                1
  OrbitOne   OO-PRR-CD  Unknown                1
  OrbitOne   OO-PRR-TS     Good                1
  OrbitOne     OO-S-CD   killed                1
  OrbitOne  OO-PRR-PQM   killed                1
  OrbitOne  OO-ASC-PQM  Unknown                2
  OrbitOne   OO-S-EFAM   Faulty                1
  OrbitOne   OO-PRR-OC Excelent                1
  OrbitOne  OO-ASC-PQM Excelent                1
  OrbitOne    OO-S-SPS   Faulty                1
  OrbitOne  OO-PRR-PQM  Unknown                1
      UNKW     unknown  unknown               10
   VacMars    VM-AT-VS Excelent                1
   VacMars   VM-CMS-CD     Good                1
   VacMars   VM-AT-SPS     Good                1
   VacMars   VM-CMS-PS   killed                1
   VacMars    VM-AT-ST  Warning                1
   VacMars  VM-CMS-PQM     Good                1
   VacMars   VM-CMS-TS Excelent                1
   VacMars    VM-AT-VS     Good                1
   VacMars    VM-AT-CD  Unknown                1

GESTION DE DESCONEXIONES:
Representa los dispositivos con un mayor numero de desconexiones
    Mision Dispositivo  Estado Cantidad_Eventos
 GalaxyTwo    GT-S-SPS Unknown                2
  OrbitOne  OO-ASC-PQM Unknown                2
ColonyMoon   CM-PRR-CD Unknown                1
ColonyMoon  CM-ASC-PQM Unknown                1
 GalaxyTwo  GT-ASC-PQM Unknown                1
  OrbitOne   OO-ASC-CD Unknown                1
  OrbitOne   OO-PRR-CD Unknown                1
  OrbitOne  OO-PRR-PQM Unknown                1
   VacMars    VM-AT-CD Unknown                1

Una vez analizadas todas las misiones de Apollo-11 se determina que hay 6 dispositivos inoperables,
lo que corresponde al 13.95% de todos los dispositivos existentes

TABLA DE PORCENTAJES
    Mision Dispositivo   Estado Cantidad_Eventos  Porcentaje_Eventos
      UNKW     unknown  unknown               10               17.86
  OrbitOne   OO-ASC-CD Excelent                2                3.57
  OrbitOne  OO-ASC-PQM  Unknown                2                3.57
 GalaxyTwo   GT-PRR-OC   Faulty                2                3.57
 GalaxyTwo    GT-S-SPS  Unknown                2                3.57
  OrbitOne    OO-S-SPS   Faulty                1                1.79
  OrbitOne     OO-S-CD   killed                1                1.79
  OrbitOne  OO-PRR-PQM   killed                1                1.79
  OrbitOne   OO-S-EFAM   Faulty                1                1.79
  OrbitOne   OO-PRR-OC Excelent                1                1.79
  OrbitOne  OO-ASC-PQM Excelent                1                1.79
  OrbitOne  OO-PRR-PQM  Unknown                1                1.79
  OrbitOne   OO-PRR-CD  Unknown                1                1.79
   VacMars    VM-AT-VS Excelent                1                1.79
   VacMars   VM-CMS-CD     Good                1                1.79
   VacMars   VM-AT-SPS     Good                1                1.79
   VacMars   VM-CMS-PS   killed                1                1.79
   VacMars    VM-AT-ST  Warning                1                1.79
   VacMars  VM-CMS-PQM     Good                1                1.79
   VacMars   VM-CMS-TS Excelent                1                1.79
   VacMars    VM-AT-VS     Good                1                1.79
  OrbitOne   OO-PRR-TS     Good                1                1.79
ColonyMoon  CM-ASC-SPS  Warning                1                1.79
  OrbitOne   OO-ASC-CD  Unknown                1                1.79
ColonyMoon   CM-S-EFAM   killed                1                1.79
ColonyMoon     CM-S-CD     Good                1                1.79
ColonyMoon   CM-PRR-CD  Unknown                1                1.79
ColonyMoon   CM-S-EFAC   Faulty                1                1.79
ColonyMoon  CM-ASC-PQM   killed                1                1.79
ColonyMoon  CM-PRR-SPS   Faulty                1                1.79
ColonyMoon  CM-PRR-PQM  Warning                1                1.79
ColonyMoon  CM-PRR-PSW     Good                1                1.79
ColonyMoon  CM-ASC-PQM  Unknown                1                1.79
ColonyMoon   CM-PRR-CD Excelent                1                1.79
ColonyMoon    CM-S-SPS  Warning                1                1.79
 GalaxyTwo   GT-PRR-TS Excelent                1                1.79
 GalaxyTwo     GT-S-CD   Faulty                1                1.79
 GalaxyTwo  GT-ASC-PQM  Warning                1                1.79
 GalaxyTwo  GT-ASC-PQM  Unknown                1                1.79
 GalaxyTwo   GT-ASC-CD   killed                1                1.79
  OrbitOne  OO-PRR-SPS   Faulty                1                1.79
  OrbitOne    OO-S-SPS Excelent                1                1.79
   VacMars    VM-AT-CD  Unknown                1                1.79