ANALISIS DE EVENTOS:
La informacion registrada a continuacion, muestra la cantidad de eventos por estado para cada dispositivo y mision
                       Cantidad_Eventos                                           
Estado                         Excelent Faulty Good Unknown Warning killed unknown
Mision     Dispositivo                                                            
ColonyMoon CM-ASC-CD                  0      1    0       1       0      0       0
           CM-ASC-PQM                 0      0    1       0       1      0       0
           CM-ASC-SPS                 1      0    0       0       0      0       0
           CM-PRR-CD                  1      0    0       0       0      1       0
           CM-PRR-PQM                 0      0    1       0       0      0       0
           CM-PRR-PS                  0      1    0       0       0      2       0
           CM-PRR-PSW                 0      1    0       1       0      0       0
           CM-PRR-TS                  0      1    0       1       0      0       0
           CM-S-CD                    0      0    0       0       0      1       0
           CM-S-EFAC                  0      0    0       0       0      2       0
           CM-S-EFAM                  0      0    0       1       1      1       0
           CM-S-PQM                   1      0    0       0       1      0       0
           CM-S-SPS                   0      0    0       1       1      0       0
GalaxyTwo  GT-ASC-CD                  0      0    0       0       0      1       0
           GT-ASC-PQM                 0      2    0       0       0      1       0
           GT-PRR-CD                  0      0    1       0       0      0       0
           GT-PRR-OC                  0      0    1       0       0      0       0
           GT-PRR-PQM                 0      0    0       0       1      1       0
           GT-PRR-PS                  0      0    0       0       1      0       0
           GT-PRR-SPS                 0      1    0       0       0      2       0
           GT-PRR-TS                  0      1    1       1       1      0       0
           GT-S-CD                    1      0    0       0       0      0       0
           GT-S-EFAC                  0      0    0       1       0      0       0
           GT-S-EFAM                  0      0    1       2       1      0       0
           GT-S-PQM                   0      0    0       0       0      1       0
           GT-S-SPS                   0      0    0       1       1      0       0
NUEVO      Solo                       7      2    5       5       3      5       0
OrbitOne   OO-ASC-CD                  1      0    0       0       0      1       0
           OO-ASC-PQM                 1      0    0       0       1      1       0
           OO-ASC-SPS                 1      0    1       0       1      1       0
           OO-PRR-CD                  0      0    0       0       1      0       0
           OO-PRR-PQM                 0      1    1       2       0      0       0
           OO-PRR-SPS                 0      0    0       1       0      0       0
           OO-S-EFAM                  0      1    1       0       0      0       0
           OO-S-PQM                   0      0    0       2       1      0       0
           OO-S-SPS                   0      0    0       1       1      0       0
UNKW       unknown                    0      0    0       0       0      0      15
VacMars    VM-ASC-CD                  0      0    1       0       0      1       0
           VM-ASC-PQM                 0      1    1       0       1      1       0
           VM-AT-CD                   1      1    1       0       2      0       0
           VM-AT-SL                   0      0    0       0       0      1       0
           VM-AT-SPS                  0      0    1       1       0      0       0
           VM-AT-ST                   0      1    0       0       0      0       0
           VM-AT-VaT                  0      0    0       1       0      0       0
           VM-CMS-CD                  0      0    0       0       0      2       0
           VM-CMS-OC                  0      0    1       0       0      0       0
           VM-CMS-PQM                 0      0    0       0       0      1       0
           VM-CMS-PS                  0      1    0       0       0      1       0
           VM-CMS-SPS                 0      1    0       0       0      0       0
           VM-CMS-TS                  0      0    1       0       0      0       0
           VM-CMS-WTP                 0      0    1       0       0      0       0

GESTION DE DESCONEXIONES:
Representa los dispositivos con un mayor numero de desconexiones
                       Cantidad_Eventos
Mision     Dispositivo                 
ColonyMoon CM-ASC-CD                  1
           CM-PRR-PSW                 1
           CM-PRR-TS                  1
           CM-S-EFAM                  1
           CM-S-SPS                   1
GalaxyTwo  GT-S-EFAC                  1
           GT-S-EFAM                  2
NUEVO      Solo                       5
OrbitOne   OO-PRR-PQM                 2
           OO-S-PQM                   2

Una vez analizadas todas las misiones de Apollo-11 se determina que hay 20 dispositivos inoperables,
lo que corresponde al 21.05% de todos los dispositivos existentes

DISPOSITIVOS INOPERABLES:
                       Cantidad_Eventos
Mision     Dispositivo                 
ColonyMoon CM-PRR-CD                  1
           CM-PRR-PS                  2
           CM-S-CD                    1
           CM-S-EFAC                  2
           CM-S-EFAM                  1
GalaxyTwo  GT-ASC-CD                  1
           GT-ASC-PQM                 1
           GT-PRR-PQM                 1
           GT-PRR-SPS                 2
           GT-S-PQM                   1
NUEVO      Solo                       5
OrbitOne   OO-ASC-CD                  1
           OO-ASC-PQM                 1
           OO-ASC-SPS                 1
VacMars    VM-ASC-CD                  1
           VM-ASC-PQM                 1
           VM-AT-SL                   1
           VM-CMS-CD                  2
           VM-CMS-PQM                 1
           VM-CMS-PS                  1

La informacion resgitrada a continuacion contiene el porcentaje datos generados para cada dispositivo y misión con respecto a la cantidad total de datos.

COLONYMOON:

                Porcentaje de datos Generados(%)
Dispositivo                                     
CM-ASC-CD                   0.72                
CM-ASC-PQM                  0.72                
CM-PRR-PQM                  0.72                
CM-PRR-PSW                  0.72                
CM-S-PQM                    0.72                
CM-PRR-CD                   0.72                
CM-PRR-TS                   0.72                
CM-ASC-PQM                  0.72                
CM-S-EFAC                   1.44                
CM-PRR-TS                   0.72                
CM-S-PQM                    0.72                
CM-PRR-PS                   1.44                
CM-S-SPS                    0.72                
CM-S-SPS                    0.72                
CM-S-EFAM                   0.72                
CM-ASC-SPS                  0.72                
CM-PRR-PS                   0.72                
CM-PRR-PSW                  0.72                
CM-S-EFAM                   0.72                
CM-PRR-CD                   0.72                
CM-ASC-CD                   0.72                
CM-S-EFAM                   0.72                
CM-S-CD                     0.72                

GALAXYTWO:

                Porcentaje de datos Generados(%)
Dispositivo                                     
GT-S-EFAM                   1.44                
GT-PRR-TS                   0.72                
GT-PRR-TS                   0.72                
GT-PRR-SPS                  0.72                
GT-PRR-TS                   0.72                
GT-PRR-CD                   0.72                
GT-ASC-PQM                  1.44                
GT-S-EFAC                   0.72                
GT-PRR-SPS                  1.44                
GT-PRR-PQM                  0.72                
GT-PRR-PS                   0.72                
GT-S-SPS                    0.72                
GT-PRR-OC                   0.72                
GT-S-PQM                    0.72                
GT-S-CD                     0.72                
GT-S-EFAM                   0.72                
GT-S-SPS                    0.72                
GT-PRR-TS                   0.72                
GT-S-EFAM                   0.72                
GT-PRR-PQM                  0.72                
GT-ASC-CD                   0.72                
GT-ASC-PQM                  0.72                

ORBITONE:

                Porcentaje de datos Generados(%)
Dispositivo                                     
OO-ASC-PQM                  0.72                
OO-PRR-CD                   0.72                
OO-S-PQM                    1.44                
OO-PRR-SPS                  0.72                
OO-ASC-CD                   0.72                
OO-ASC-SPS                  0.72                
OO-S-PQM                    0.72                
OO-ASC-PQM                  0.72                
OO-ASC-PQM                  0.72                
OO-ASC-CD                   0.72                
OO-PRR-PQM                  1.44                
OO-ASC-SPS                  0.72                
OO-S-EFAM                   0.72                
OO-S-EFAM                   0.72                
OO-ASC-SPS                  0.72                
OO-PRR-PQM                  0.72                
OO-ASC-SPS                  0.72                
OO-PRR-PQM                  0.72                
OO-S-SPS                    0.72                
OO-S-SPS                    0.72                

UNKNOW:

                Porcentaje de datos Generados(%)
Dispositivo                                     
unknown                     10.79               

