ANALISIS DE EVENTOS:
La informacion registrada a continuacion, muestra la cantidad de eventos por estado para cada dispositivo y mision
                       Cantidad_Eventos                                           
Estado                         Excelent Faulty Good Unknown Warning killed unknown
Mision     Dispositivo                                                            
ColonyMoon CM-ASC-CD                  0      1    0       0       1      0       0
           CM-ASC-PQM                 0      1    0       0       0      0       0
           CM-ASC-SPS                 0      0    0       1       1      1       0
           CM-KSS-ASS                 0      0    0       0       1      0       0
           CM-PRR-CD                  0      1    0       0       0      0       0
           CM-PRR-PQM                 0      0    0       1       0      0       0
           CM-PRR-PS                  0      0    1       0       0      0       0
           CM-PRR-PSW                 0      1    0       0       0      0       0
           CM-PRR-SPS                 0      1    0       0       1      0       0
           CM-PRR-TS                  0      1    0       0       0      0       0
           CM-S-EFAC                  0      1    0       0       0      1       0
           CM-S-EFAM                  0      1    0       0       0      0       0
           CM-S-SPS                   0      1    0       0       0      0       0
GalaxyTwo  GT-ASC-CD                  0      0    0       1       1      1       0
           GT-ASC-PQM                 0      0    0       1       0      0       0
           GT-ASC-SPS                 0      1    0       0       0      1       0
           GT-PRR-CD                  1      1    0       0       0      1       0
           GT-PRR-PQM                 0      0    2       0       0      0       0
           GT-PRR-PS                  0      0    1       0       1      0       0
           GT-PRR-SPS                 0      0    0       0       1      0       0
           GT-PRR-TS                  0      1    0       0       0      0       0
           GT-S-CD                    1      0    0       0       0      0       0
           GT-S-EFAC                  1      1    0       2       0      1       0
           GT-S-EFAM                  0      0    0       1       0      0       0
           GT-S-SPS                   0      1    1       1       0      0       0
OrbitOne   OO-ASC-CD                  0      0    0       1       1      0       0
           OO-ASC-PQM                 0      1    0       0       1      0       0
           OO-ASC-SPS                 0      0    1       0       1      0       0
           OO-PRR-CD                  0      1    0       0       0      0       0
           OO-PRR-OC                  1      0    1       0       0      2       0
           OO-PRR-PS                  0      0    0       1       0      0       0
           OO-PRR-TS                  0      0    1       0       1      0       0
           OO-S-CD                    0      0    1       2       1      0       0
           OO-S-EFAC                  0      0    1       0       0      0       0
           OO-S-EFAM                  0      0    0       0       0      1       0
           OO-S-SPS                   0      1    1       0       0      0       0
UNKW       unknown                    0      0    0       0       0      0      18
VacMars    VM-ASC-CD                  1      0    0       0       1      0       0
           VM-AT-CD                   0      0    1       0       0      0       0
           VM-AT-OC                   0      0    0       1       1      1       0
           VM-AT-SPS                  0      1    1       0       0      0       0
           VM-AT-VaT                  0      0    0       0       1      0       0
           VM-CMS-CD                  0      0    0       0       1      0       0
           VM-CMS-OC                  0      1    1       0       0      0       0
           VM-CMS-SPS                 0      1    1       0       0      0       0
           VM-CMS-TS                  0      0    0       0       0      1       0
           VM-CMS-WTP                 0      0    0       2       0      0       0

GESTION DE DESCONEXIONES:
Representa los dispositivos con un mayor numero de desconexiones
                       Cantidad_Eventos
Mision     Dispositivo                 
ColonyMoon CM-ASC-SPS                 1
           CM-PRR-PQM                 1
GalaxyTwo  GT-ASC-CD                  1
           GT-ASC-PQM                 1
           GT-S-EFAC                  2
           GT-S-EFAM                  1
           GT-S-SPS                   1
OrbitOne   OO-PRR-PS                  1
           OO-S-CD                    2
VacMars    VM-CMS-WTP                 2

Una vez analizadas todas las misiones de Apollo-11 se determina que hay 10 dispositivos inoperables,
lo que corresponde al 12.82% de todos los dispositivos existentes

DISPOSITIVOS INOPERABLES:
                       Cantidad_Eventos
Mision     Dispositivo                 
ColonyMoon CM-ASC-SPS                 1
           CM-S-EFAC                  1
GalaxyTwo  GT-ASC-CD                  1
           GT-ASC-SPS                 1
           GT-PRR-CD                  1
           GT-S-EFAC                  1
OrbitOne   OO-PRR-OC                  2
           OO-S-EFAM                  1
VacMars    VM-AT-OC                   1
           VM-CMS-TS                  1

TABLA DE PORCENTAJES:
La informacion resgitrada a continuacion contiene el registro de datos generados para cada dispositivo y misión con respecto a la cantidad total de datos.
(                Porcentaje de datos Generados(%)
Dispositivo                                     
CM-S-EFAC                    1.0                
CM-ASC-SPS                   1.0                
CM-PRR-PSW                   1.0                
CM-PRR-SPS                   1.0                
CM-KSS-ASS                   1.0                
CM-ASC-SPS                   1.0                
CM-PRR-PQM                   1.0                
CM-S-SPS                     1.0                
CM-PRR-TS                    1.0                
CM-ASC-PQM                   1.0                
CM-S-EFAM                    1.0                
CM-S-EFAC                    1.0                
CM-ASC-SPS                   1.0                
CM-PRR-CD                    1.0                
CM-PRR-PS                    1.0                
CM-ASC-CD                    1.0                
CM-PRR-SPS                   1.0                
CM-ASC-CD                    1.0                ,                 Porcentaje de datos Generados(%)
Dispositivo                                     
GT-S-SPS                     1.0                
GT-PRR-PS                    1.0                
GT-S-EFAC                    2.0                
GT-PRR-PQM                   2.0                
GT-S-EFAC                    1.0                
GT-PRR-CD                    1.0                
GT-S-CD                      1.0                
GT-S-SPS                     1.0                
GT-ASC-CD                    1.0                
GT-ASC-SPS                   1.0                
GT-ASC-PQM                   1.0                
GT-PRR-CD                    1.0                
GT-S-EFAC                    1.0                
GT-S-EFAM                    1.0                
GT-S-EFAC                    1.0                
GT-PRR-CD                    1.0                
GT-ASC-CD                    1.0                
GT-ASC-CD                    1.0                
GT-PRR-TS                    1.0                
GT-PRR-PS                    1.0                
GT-ASC-SPS                   1.0                
GT-S-SPS                     1.0                
GT-PRR-SPS                   1.0                ,                 Porcentaje de datos Generados(%)
Dispositivo                                     
OO-S-SPS                     1.0                
OO-PRR-OC                    1.0                
OO-PRR-TS                    1.0                
OO-S-SPS                     1.0                
OO-PRR-TS                    1.0                
OO-PRR-OC                    2.0                
OO-ASC-SPS                   1.0                
OO-S-CD                      2.0                
OO-S-EFAC                    1.0                
OO-PRR-OC                    1.0                
OO-PRR-PS                    1.0                
OO-ASC-PQM                   1.0                
OO-S-CD                      1.0                
OO-ASC-CD                    1.0                
OO-ASC-CD                    1.0                
OO-ASC-PQM                   1.0                
OO-ASC-SPS                   1.0                
OO-PRR-CD                    1.0                
OO-S-CD                      1.0                
OO-S-EFAM                    1.0                ,                 Porcentaje de datos Generados(%)
Dispositivo                                     
VM-CMS-WTP                   2.0                
VM-CMS-OC                    1.0                
VM-AT-VaT                    1.0                
VM-CMS-SPS                   1.0                
VM-ASC-CD                    1.0                
VM-CMS-CD                    1.0                
VM-CMS-SPS                   1.0                
VM-AT-SPS                    1.0                
VM-AT-SPS                    1.0                
VM-AT-OC                     1.0                
VM-ASC-CD                    1.0                
VM-CMS-TS                    1.0                
VM-AT-OC                     1.0                
VM-AT-OC                     1.0                
VM-AT-CD                     1.0                
VM-CMS-OC                    1.0                ,                 Porcentaje de datos Generados(%)
Dispositivo                                     
unknown                     18.0                )