ANALISIS DE EVENTOS:
La informacion registrada a continuacion, muestra la cantidad de eventos por estado para cada dispositivo y mision
                    Cantidad_Eventos                                   
Estado                      Excelent Faulty Good Unknown Warning killed
Mision  Dispositivo                                                    
VacMars VM-ASC-CD                  0      0    1       2       0      0
        VM-ASC-PQM                 0      0    0       1       0      0
        VM-AT-CD                   1      0    1       1       0      2
        VM-AT-OC                   0      1    1       0       0      1
        VM-AT-SL                   0      0    0       0       0      1
        VM-AT-SPS                  1      1    1       1       0      1
        VM-AT-ST                   1      0    0       0       6      1
        VM-AT-VS                   0      2    1       1       2      1
        VM-AT-VaT                  0      1    1       2       1      1
        VM-CMS-CD                  0      0    0       0       1      1
        VM-CMS-OC                  2      1    0       0       1      3
        VM-CMS-PQM                 0      1    3       0       1      0
        VM-CMS-PS                  0      1    1       0       0      1
        VM-CMS-RPS                 1      1    0       0       1      0
        VM-CMS-SPS                 4      0    0       0       0      0
        VM-CMS-TS                  0      0    0       1       0      1
        VM-CMS-WTP                 2      0    0       0       1      1

GESTION DE DESCONEXIONES:
Representa los dispositivos con un mayor numero de desconexiones
                    Cantidad_Eventos
Mision  Dispositivo                 
VacMars VM-ASC-CD                  2
        VM-ASC-PQM                 1
        VM-AT-CD                   1
        VM-AT-SPS                  1
        VM-AT-VS                   1
        VM-AT-VaT                  2
        VM-CMS-TS                  1

Una vez analizadas todas las misiones de Apollo-11 se determina que hay 12 dispositivos inoperables,
lo que corresponde al 24.0% de todos los dispositivos existentes

DISPOSITIVOS INOPERABLES:
                    Cantidad_Eventos
Mision  Dispositivo                 
VacMars VM-AT-CD                   2
        VM-AT-OC                   1
        VM-AT-SL                   1
        VM-AT-SPS                  1
        VM-AT-ST                   1
        VM-AT-VS                   1
        VM-AT-VaT                  1
        VM-CMS-CD                  1
        VM-CMS-OC                  3
        VM-CMS-PS                  1
        VM-CMS-TS                  1
        VM-CMS-WTP                 1

TABLA DE PORCENTAJES:
La informacion resgitrada a continuacion contiene el registro de datos generados para cada dispositivo y misión con respecto a la cantidad total de datos.
(Empty DataFrame
Columns: [Porcentaje de datos Generados(%)]
Index: [], Empty DataFrame
Columns: [Porcentaje de datos Generados(%)]
Index: [], Empty DataFrame
Columns: [Porcentaje de datos Generados(%)]
Index: [],                 Porcentaje de datos Generados(%)
Dispositivo                                     
VM-CMS-RPS                  1.45                
VM-ASC-CD                    2.9                
VM-AT-CD                    1.45                
VM-AT-CD                    1.45                
VM-CMS-PQM                  4.35                
VM-AT-VaT                   1.45                
VM-CMS-WTP                   2.9                
VM-AT-SL                    1.45                
VM-AT-SPS                   1.45                
VM-AT-ST                     8.7                
VM-AT-OC                    1.45                
VM-AT-VS                     2.9                
VM-CMS-CD                   1.45                
VM-AT-ST                    1.45                
VM-AT-CD                     2.9                
VM-CMS-SPS                   5.8                
VM-CMS-WTP                  1.45                
VM-CMS-RPS                  1.45                
VM-AT-VS                     2.9                
VM-CMS-OC                    2.9                
VM-CMS-PQM                  1.45                
VM-CMS-PS                   1.45                
VM-AT-CD                    1.45                
VM-AT-VaT                    2.9                
VM-ASC-CD                   1.45                
VM-AT-VaT                   1.45                
VM-AT-ST                    1.45                
VM-CMS-OC                   4.35                
VM-CMS-TS                   1.45                
VM-AT-OC                    1.45                
VM-ASC-PQM                  1.45                
VM-AT-SPS                   1.45                
VM-AT-SPS                   1.45                
VM-AT-VaT                   1.45                
VM-AT-VS                    1.45                
VM-CMS-TS                   1.45                
VM-CMS-PQM                  1.45                
VM-AT-SPS                   1.45                
VM-AT-OC                    1.45                
VM-CMS-CD                   1.45                
VM-AT-VS                    1.45                
VM-AT-SPS                   1.45                
VM-CMS-WTP                  1.45                
VM-AT-VaT                   1.45                
VM-CMS-OC                   1.45                
VM-AT-VS                    1.45                
VM-CMS-OC                   1.45                
VM-CMS-RPS                  1.45                
VM-CMS-PS                   1.45                
VM-CMS-PS                   1.45                , Empty DataFrame
Columns: [Porcentaje de datos Generados(%)]
Index: [])