ANALISIS DE EVENTOS:
La informacion registrada a continuacion, muestra la cantidad de eventos por estado para cada dispositivo y mision
                       Cantidad_Eventos                                           
Estado                         Excelent Faulty Good Unknown Warning killed unknown
Mision     Dispositivo                                                            
ColonyMoon CM-ASC-PQM                 0      0    0       0       0      1       0
           CM-ASC-SPS                 0      1    0       0       0      0       0
           CM-KSS-ASS                 0      0    0       0       1      0       0
           CM-PRR-PQM                 1      0    1       1       0      0       0
           CM-PRR-PS                  0      0    0       1       0      0       0
           CM-PRR-PSW                 0      0    1       0       0      0       0
           CM-PRR-SPS                 0      1    1       1       0      0       0
           CM-PRR-TS                  0      0    0       1       1      0       0
           CM-S-EFAC                  1      0    0       0       0      0       0
           CM-S-PQM                   0      1    0       0       1      0       0
           CM-S-SPS                   1      0    0       0       0      1       0
GalaxyTwo  GT-ASC-CD                  0      0    0       0       0      1       0
           GT-ASC-PQM                 0      1    0       0       0      0       0
           GT-ASC-SPS                 0      1    0       0       0      0       0
           GT-PRR-CD                  0      1    0       1       0      0       0
           GT-PRR-PQM                 0      0    0       1       1      0       0
           GT-PRR-PS                  1      0    0       0       0      0       0
           GT-PRR-SPS                 1      0    0       1       0      0       0
           GT-PRR-TS                  0      1    0       1       0      0       0
           GT-S-CD                    0      0    1       0       0      0       0
           GT-S-EFAC                  1      0    0       1       0      0       0
           GT-S-EFAM                  1      1    0       1       0      0       0
           GT-S-PQM                   0      1    0       0       0      0       0
OrbitOne   OO-ASC-PQM                 0      1    0       0       0      0       0
           OO-ASC-SPS                 0      0    0       1       1      0       0
           OO-PRR-CD                  0      0    1       0       1      0       0
           OO-PRR-PQM                 0      0    0       0       1      0       0
           OO-PRR-PS                  1      0    0       0       0      1       0
           OO-PRR-SPS                 0      0    0       0       1      0       0
           OO-PRR-TS                  0      0    0       0       1      0       0
           OO-S-EFAC                  0      1    0       0       0      0       0
           OO-S-EFAM                  0      0    0       0       0      1       0
           OO-S-PQM                   0      1    0       0       0      0       0
           OO-S-SPS                   0      0    1       0       0      0       0
UNKW       unknown                    0      0    0       0       0      0      14
VacMars    VM-ASC-CD                  0      0    1       1       0      0       0
           VM-ASC-PQM                 0      1    1       0       0      0       0
           VM-AT-CD                   1      0    0       0       0      0       0
           VM-AT-OC                   1      0    0       0       0      0       0
           VM-AT-SL                   0      1    0       1       0      0       0
           VM-AT-SPS                  0      0    0       2       0      0       0
           VM-AT-VS                   0      1    0       0       1      1       0
           VM-AT-VaT                  0      0    0       1       0      0       0
           VM-CMS-CD                  1      1    0       0       0      0       0
           VM-CMS-OC                  0      1    1       0       0      0       0
           VM-CMS-PS                  0      0    1       1       0      0       0
           VM-CMS-RPS                 0      1    0       0       1      0       0
           VM-CMS-SPS                 0      0    0       0       1      0       0
           VM-CMS-TS                  0      0    1       0       1      1       0

GESTION DE DESCONEXIONES:
Representa los dispositivos con un mayor numero de desconexiones
                       Cantidad_Eventos
Mision     Dispositivo                 
ColonyMoon CM-PRR-PQM                 1
           CM-PRR-PS                  1
           CM-PRR-SPS                 1
           CM-PRR-TS                  1
GalaxyTwo  GT-PRR-PQM                 1
           GT-PRR-SPS                 1
           GT-PRR-TS                  1
           GT-S-EFAC                  1
           GT-S-EFAM                  1
VacMars    VM-AT-SPS                  2

Una vez analizadas todas las misiones de Apollo-11 se determina que hay 7 dispositivos inoperables,
lo que corresponde al 9.09% de todos los dispositivos existentes

DISPOSITIVOS INOPERABLES:
                       Cantidad_Eventos
Mision     Dispositivo                 
ColonyMoon CM-ASC-PQM                 1
           CM-S-SPS                   1
GalaxyTwo  GT-ASC-CD                  1
OrbitOne   OO-PRR-PS                  1
           OO-S-EFAM                  1
VacMars    VM-AT-VS                   1
           VM-CMS-TS                  1

TABLA DE PORCENTAJES:
La informacion resgitrada a continuacion contiene el registro de datos generados para cada dispositivo y misión con respecto a la cantidad total de datos.
                           Porcentaje de datos Generados(%)
Mision     Dispositivo                                     
ColonyMoon CM-PRR-SPS                   1.1                
           CM-PRR-SPS                   1.1                
           CM-S-EFAC                    1.1                
           CM-ASC-PQM                   1.1                
           CM-PRR-PQM                   1.1                
...                                                     ...
VacMars    VM-AT-SL                     1.1                
           VM-AT-SL                     1.1                
           VM-ASC-CD                    1.1                
           VM-AT-CD                     1.1                
           VM-ASC-PQM                   1.1                

[77 rows x 1 columns]